[    0.000000] Initializing cgroup subsys cpuset
[    0.000000] Initializing cgroup subsys cpu
[    0.000000] Initializing cgroup subsys cpuacct
[    0.000000] Linux version 4.4.0-128-generic (buildd@lcy01-amd64-019) (gcc version 5.4.0 20160609 (Ubuntu 5.4.0-6ubuntu1~16.04.9) ) #154-Ubuntu SMP Fri May 25 14:15:18 UTC 2018 (Ubuntu 4.4.0-128.154-generic 4.4.131)
[    0.000000] Command line: BOOT_IMAGE=/boot/vmlinuz-4.4.0-128-generic root=LABEL=cloudimg-rootfs ro console=tty1 console=ttyS0
[    0.000000] KERNEL supported cpus:
[    0.000000]   Intel GenuineIntel
[    0.000000]   AMD AuthenticAMD
[    0.000000]   Centaur CentaurHauls
[    0.000000] x86/fpu: xstate_offset[2]:  576, xstate_sizes[2]:  256
[    0.000000] x86/fpu: Supporting XSAVE feature 0x01: 'x87 floating point registers'
[    0.000000] x86/fpu: Supporting XSAVE feature 0x02: 'SSE registers'
[    0.000000] x86/fpu: Supporting XSAVE feature 0x04: 'AVX registers'
[    0.000000] x86/fpu: Enabled xstate features 0x7, context size is 832 bytes, using 'standard' format.
[    0.000000] x86/fpu: Using 'lazy' FPU context switches.
[    0.000000] e820: BIOS-provided physical RAM map:
[    0.000000] BIOS-e820: [mem 0x0000000000000000-0x000000000009fbff] usable
[    0.000000] BIOS-e820: [mem 0x000000000009fc00-0x000000000009ffff] reserved
[    0.000000] BIOS-e820: [mem 0x00000000000f0000-0x00000000000fffff] reserved
[    0.000000] BIOS-e820: [mem 0x0000000000100000-0x000000003ffeffff] usable
[    0.000000] BIOS-e820: [mem 0x000000003fff0000-0x000000003fffffff] ACPI data
[    0.000000] BIOS-e820: [mem 0x00000000fec00000-0x00000000fec00fff] reserved
[    0.000000] BIOS-e820: [mem 0x00000000fee00000-0x00000000fee00fff] reserved
[    0.000000] BIOS-e820: [mem 0x00000000fffc0000-0x00000000ffffffff] reserved
[    0.000000] NX (Execute Disable) protection: active
[    0.000000] SMBIOS 2.5 present.
[    0.000000] Hypervisor detected: KVM
[    0.000000] e820: last_pfn = 0x3fff0 max_arch_pfn = 0x400000000
[    0.000000] MTRR: Disabled
[    0.000000] x86/PAT: MTRRs disabled, skipping PAT initialization too.
[    0.000000] CPU MTRRs all blank - virtualized system.
[    0.000000] x86/PAT: Configuration [0-7]: WB  WT  UC- UC  WB  WT  UC- UC  
[    0.000000] found SMP MP-table at [mem 0x0009fff0-0x0009ffff] mapped at [ffff88000009fff0]
[    0.000000] Scanning 1 areas for low memory corruption
[    0.000000] RAMDISK: [mem 0x36aa2000-0x37548fff]
[    0.000000] ACPI: Early table checksum verification disabled
[    0.000000] ACPI: RSDP 0x00000000000E0000 000024 (v02 VBOX  )
[    0.000000] ACPI: XSDT 0x000000003FFF0030 00003C (v01 VBOX   VBOXXSDT 00000001 ASL  00000061)
[    0.000000] ACPI: FACP 0x000000003FFF00F0 0000F4 (v04 VBOX   VBOXFACP 00000001 ASL  00000061)
[    0.000000] ACPI: DSDT 0x000000003FFF0470 0021FF (v02 VBOX   VBOXBIOS 00000002 INTL 20100528)
[    0.000000] ACPI: FACS 0x000000003FFF0200 000040
[    0.000000] ACPI: FACS 0x000000003FFF0200 000040
[    0.000000] ACPI: APIC 0x000000003FFF0240 00005C (v02 VBOX   VBOXAPIC 00000001 ASL  00000061)
[    0.000000] ACPI: SSDT 0x000000003FFF02A0 0001CC (v01 VBOX   VBOXCPUT 00000002 INTL 20100528)
[    0.000000] No NUMA configuration found
[    0.000000] Faking a node at [mem 0x0000000000000000-0x000000003ffeffff]
[    0.000000] NODE_DATA(0) allocated [mem 0x3ffeb000-0x3ffeffff]
[    0.000000] kvm-clock: Using msrs 4b564d01 and 4b564d00
[    0.000000] kvm-clock: cpu 0, msr 0:3ffe3001, primary cpu clock
[    0.000000] kvm-clock: using sched offset of 6263273027 cycles
[    0.000000] clocksource: kvm-clock: mask: 0xffffffffffffffff max_cycles: 0x1cd42e4dffb, max_idle_ns: 881590591483 ns
[    0.000000] Zone ranges:
[    0.000000]   DMA      [mem 0x0000000000001000-0x0000000000ffffff]
[    0.000000]   DMA32    [mem 0x0000000001000000-0x000000003ffeffff]
[    0.000000]   Normal   empty
[    0.000000]   Device   empty
[    0.000000] Movable zone start for each node
[    0.000000] Early memory node ranges
[    0.000000]   node   0: [mem 0x0000000000001000-0x000000000009efff]
[    0.000000]   node   0: [mem 0x0000000000100000-0x000000003ffeffff]
[    0.000000] Initmem setup node 0 [mem 0x0000000000001000-0x000000003ffeffff]
[    0.000000] ACPI: PM-Timer IO Port: 0x4008
[    0.000000] IOAPIC[0]: apic_id 2, version 32, address 0xfec00000, GSI 0-23
[    0.000000] ACPI: INT_SRC_OVR (bus 0 bus_irq 0 global_irq 2 dfl dfl)
[    0.000000] ACPI: INT_SRC_OVR (bus 0 bus_irq 9 global_irq 9 high level)
[    0.000000] Using ACPI (MADT) for SMP configuration information
[    0.000000] smpboot: Allowing 2 CPUs, 0 hotplug CPUs
[    0.000000] PM: Registered nosave memory: [mem 0x00000000-0x00000fff]
[    0.000000] PM: Registered nosave memory: [mem 0x0009f000-0x0009ffff]
[    0.000000] PM: Registered nosave memory: [mem 0x000a0000-0x000effff]
[    0.000000] PM: Registered nosave memory: [mem 0x000f0000-0x000fffff]
[    0.000000] e820: [mem 0x40000000-0xfebfffff] available for PCI devices
[    0.000000] Booting paravirtualized kernel on KVM
[    0.000000] clocksource: refined-jiffies: mask: 0xffffffff max_cycles: 0xffffffff, max_idle_ns: 7645519600211568 ns
[    0.000000] setup_percpu: NR_CPUS:512 nr_cpumask_bits:512 nr_cpu_ids:2 nr_node_ids:1
[    0.000000] PERCPU: Embedded 34 pages/cpu @ffff88003fc00000 s99544 r8192 d31528 u1048576
[    0.000000] PV qspinlock hash table entries: 256 (order: 0, 4096 bytes)
[    0.000000] Built 1 zonelists in Node order, mobility grouping on.  Total pages: 257912
[    0.000000] Policy zone: DMA32
[    0.000000] Kernel command line: BOOT_IMAGE=/boot/vmlinuz-4.4.0-128-generic root=LABEL=cloudimg-rootfs ro console=tty1 console=ttyS0
[    0.000000] PID hash table entries: 4096 (order: 3, 32768 bytes)
[    0.000000] Memory: 1001612K/1048120K available (8541K kernel code, 1313K rwdata, 4000K rodata, 1512K init, 1316K bss, 46508K reserved, 0K cma-reserved)
[    0.000000] SLUB: HWalign=64, Order=0-3, MinObjects=0, CPUs=2, Nodes=1
[    0.000000] Kernel/User page tables isolation: enabled
[    0.000000] Hierarchical RCU implementation.
[    0.000000] 	Build-time adjustment of leaf fanout to 64.
[    0.000000] 	RCU restricting CPUs from NR_CPUS=512 to nr_cpu_ids=2.
[    0.000000] RCU: Adjusting geometry for rcu_fanout_leaf=64, nr_cpu_ids=2
[    0.000000] NR_IRQS:33024 nr_irqs:440 16
[    0.000000] Console: colour VGA+ 80x25
[    0.000000] console [tty1] enabled
[    0.000000] console [ttyS0] enabled
[    0.000000] tsc: Detected 2294.690 MHz processor
[   12.564151] Calibrating delay loop (skipped) preset value.. 4589.38 BogoMIPS (lpj=9178760)
[   12.664251] pid_max: default: 32768 minimum: 301
[   12.732576] ACPI: Core revision 20150930
[   12.808975] ACPI: 2 ACPI AML tables successfully acquired and loaded
[   12.883252] Security Framework initialized
[   12.936762] Yama: becoming mindful.
[   12.978529] AppArmor: AppArmor initialized
[   13.021568] Dentry cache hash table entries: 131072 (order: 8, 1048576 bytes)
[   13.141356] Inode-cache hash table entries: 65536 (order: 7, 524288 bytes)
[   13.235036] Mount-cache hash table entries: 2048 (order: 2, 16384 bytes)
[   13.322539] Mountpoint-cache hash table entries: 2048 (order: 2, 16384 bytes)
[   13.454248] Initializing cgroup subsys io
[   13.516712] Initializing cgroup subsys memory
[   13.589313] Initializing cgroup subsys devices
[   13.650237] Initializing cgroup subsys freezer
[   13.742999] Initializing cgroup subsys net_cls
[   13.815422] Initializing cgroup subsys perf_event
[   13.895542] Initializing cgroup subsys net_prio
[   13.960702] Initializing cgroup subsys hugetlb
[   14.020522] Initializing cgroup subsys pids
[   14.089745] CPU: Physical Processor ID: 0
[   14.162985] CPU: Processor Core ID: 0
[   14.240172] mce: CPU supports 0 MCE banks
[   14.307528] Last level iTLB entries: 4KB 1024, 2MB 1024, 4MB 1024
[   14.423423] Last level dTLB entries: 4KB 1024, 2MB 1024, 4MB 1024, 1GB 4
[   14.522508] Spectre V2 : Mitigation: Full generic retpoline
[   14.589594] Spectre V2 : Speculation control IBPB not-supported IBRS not-supported
[   14.653744] Speculative Store Bypass: Vulnerable
[   14.733199] Freeing SMP alternatives memory: 32K
[   14.825122] ftrace: allocating 32236 entries in 126 pages
[   15.010417] smpboot: APIC(0) Converting physical 0 to logical package 0
[   15.083889] smpboot: Max logical packages: 1
[   15.129735] x2apic enabled
[   15.162242] Switched APIC routing to physical x2apic.
[   15.244311] ..TIMER: vector=0x30 apic1=0 pin1=2 apic2=-1 pin2=-1
[   15.458062] smpboot: CPU0: Intel(R) Core(TM) i5-4200U CPU @ 1.60GHz (family: 0x6, model: 0x45, stepping: 0x1)
[   15.571828] Performance Events: unsupported p6 CPU model 69 no PMU driver, software events only.
[   15.720692] KVM setup paravirtual spinlock
[   15.788235] x86: Booting SMP configuration:
[   15.856944] .... node  #0, CPUs:      #1
[   15.894765] kvm-clock: cpu 1, msr 0:3ffe3041, secondary cpu clock
[   15.972651] mce: CPU supports 0 MCE banks
[   16.021481] x86: Booted up 1 node, 2 CPUs
[   16.089300] smpboot: Total of 2 processors activated (9178.76 BogoMIPS)
[   16.203949] devtmpfs: initialized
[   16.263599] evm: security.selinux
[   16.308952] evm: security.SMACK64
[   16.354839] evm: security.SMACK64EXEC
[   16.402480] evm: security.SMACK64TRANSMUTE
[   16.461056] evm: security.SMACK64MMAP
[   16.529634] evm: security.ima
[   16.586054] evm: security.capability
[   16.617646] clocksource: jiffies: mask: 0xffffffff max_cycles: 0xffffffff, max_idle_ns: 7645041785100000 ns
[   16.745039] futex hash table entries: 512 (order: 3, 32768 bytes)
[   16.819108] pinctrl core: initialized pinctrl subsystem
[   16.917572] RTC time:  2:22:02, date: 06/18/18
[   16.982086] NET: Registered protocol family 16
[   17.052340] cpuidle: using governor ladder
[   17.123593] cpuidle: using governor menu
[   17.177831] PCCT header not found.
[   17.238688] ACPI: bus type PCI registered
[   17.287550] acpiphp: ACPI Hot Plug PCI Controller Driver version: 0.5
[   17.388911] PCI: Using configuration type 1 for base access
[   17.472180] ACPI: Added _OSI(Module Device)
[   17.519004] ACPI: Added _OSI(Processor Device)
[   17.552279] ACPI: Added _OSI(3.0 _SCP Extensions)
[   17.555249] ACPI: Added _OSI(Processor Aggregator Device)
[   17.598666] ACPI: Executed 1 blocks of module-level executable AML code
[   17.653823] ACPI: Interpreter enabled
[   17.672390] ACPI: (supports S0 S5)
[   17.692878] ACPI: Using IOAPIC for interrupt routing
[   17.742740] PCI: Using host bridge windows from ACPI; if necessary, use "pci=nocrs" and report a bug
[   17.814703] ACPI: PCI Root Bridge [PCI0] (domain 0000 [bus 00-ff])
[   17.881112] acpi PNP0A03:00: _OSC: OS supports [ASPM ClockPM Segments MSI]
[   17.948453] acpi PNP0A03:00: _OSC: not requesting OS control; OS requires [ExtendedConfig ASPM ClockPM MSI]
[   18.067004] acpi PNP0A03:00: fail to add MMCONFIG information, can't access extended PCI configuration space under this bridge.
[   18.268681] PCI host bridge to bus 0000:00
[   18.330145] pci_bus 0000:00: root bus resource [io  0x0000-0x0cf7 window]
[   18.421689] pci_bus 0000:00: root bus resource [io  0x0d00-0xffff window]
[   18.503856] pci_bus 0000:00: root bus resource [mem 0x000a0000-0x000bffff window]
[   18.601975] pci_bus 0000:00: root bus resource [mem 0x40000000-0xffdfffff window]
[   18.748272] pci_bus 0000:00: root bus resource [bus 00-ff]
[   18.841688] pci 0000:00:01.1: legacy IDE quirk: reg 0x10: [io  0x01f0-0x01f7]
[   18.941668] pci 0000:00:01.1: legacy IDE quirk: reg 0x14: [io  0x03f6]
[   19.019325] pci 0000:00:01.1: legacy IDE quirk: reg 0x18: [io  0x0170-0x0177]
[   19.184341] pci 0000:00:01.1: legacy IDE quirk: reg 0x1c: [io  0x0376]
[   19.323232] pci 0000:00:07.0: quirk: [io  0x4000-0x403f] claimed by PIIX4 ACPI
[   19.436835] pci 0000:00:07.0: quirk: [io  0x4100-0x410f] claimed by PIIX4 SMB
[   19.586109] ACPI: PCI Interrupt Link [LNKA] (IRQs 5 9 10 *11)
[   19.686853] ACPI: PCI Interrupt Link [LNKB] (IRQs 5 9 10 *11)
[   19.803299] ACPI: PCI Interrupt Link [LNKC] (IRQs 5 9 *10 11)
[   19.894203] ACPI: PCI Interrupt Link [LNKD] (IRQs 5 *9 10 11)
[   19.999344] ACPI: Enabled 2 GPEs in block 00 to 07
[   20.043278] vgaarb: setting as boot device: PCI:0000:00:02.0
[   20.102691] vgaarb: device added: PCI:0000:00:02.0,decodes=io+mem,owns=io+mem,locks=none
[   20.226204] vgaarb: loaded
[   20.271829] vgaarb: bridge control possible 0000:00:02.0
[   20.395051] SCSI subsystem initialized
[   20.457423] ACPI: bus type USB registered
[   20.552255] usbcore: registered new interface driver usbfs
[   20.642065] usbcore: registered new interface driver hub
[   20.673808] usbcore: registered new device driver usb
[   20.790748] PCI: Using ACPI for IRQ routing
[   20.882264] NetLabel: Initializing
[   20.960306] NetLabel:  domain hash size = 128
[   21.030439] NetLabel:  protocols = UNLABELED CIPSOv4
[   21.117414] NetLabel:  unlabeled traffic allowed by default
[   21.172258] amd_nb: Cannot enumerate AMD northbridges
[   21.258831] clocksource: Switched to clocksource kvm-clock
[   21.430225] AppArmor: AppArmor Filesystem Enabled
[   21.490542] pnp: PnP ACPI init
[   21.582759] pnp: PnP ACPI: found 3 devices
[   21.756052] clocksource: acpi_pm: mask: 0xffffff max_cycles: 0xffffff, max_idle_ns: 2085701024 ns
[   22.060679] NET: Registered protocol family 2
[   22.183934] TCP established hash table entries: 8192 (order: 4, 65536 bytes)
[   22.360433] TCP bind hash table entries: 8192 (order: 5, 131072 bytes)
[   22.524064] TCP: Hash tables configured (established 8192 bind 8192)
[   22.662083] UDP hash table entries: 512 (order: 2, 16384 bytes)
[   22.784653] UDP-Lite hash table entries: 512 (order: 2, 16384 bytes)
[   22.890207] NET: Registered protocol family 1
[   23.028085] pci 0000:00:00.0: Limiting direct PCI/PCI transfers
[   23.219156] pci 0000:00:01.0: Activating ISA DMA hang workarounds
[   23.370353] Unpacking initramfs...
[   32.622686] Freeing initrd memory: 10908K
[   32.753976] RAPL PMU detected, API unit is 2^-32 Joules, 4 fixed counters 10737418240 ms ovfl timer
[   33.053220] hw unit of domain pp0-core 2^-0 Joules
[   33.212060] hw unit of domain package 2^-0 Joules
[   33.308841] hw unit of domain dram 2^-0 Joules
[   33.444497] hw unit of domain pp1-gpu 2^-0 Joules
[   33.559956] platform rtc_cmos: registered platform RTC device (no PNP device found)
[   33.708014] Scanning for low memory corruption every 60 seconds
[   33.838951] audit: initializing netlink subsys (disabled)
[   33.939776] audit: type=2000 audit(1529288527.409:1): initialized
[   34.076349] Initialise system trusted keyring
[   34.187088] HugeTLB registered 2 MB page size, pre-allocated 0 pages
[   34.361429] zbud: loaded
[   34.443463] VFS: Disk quotas dquot_6.6.0
[   34.576585] tsc: Refined TSC clocksource calibration: 2294.743 MHz
[   34.768387] clocksource: tsc: mask: 0xffffffffffffffff max_cycles: 0x2113cf4a055, max_idle_ns: 440795290008 ns
[   34.768678] VFS: Dquot-cache hash table entries: 512 (order 0, 4096 bytes)
ÿ[   34.770016] squashfs: version 4.0 (2009/01/31) Phillip Lougher
[   34.998149] fuse init (API version 7.23)
[   34.998803] Key type big_key registered
[   34.999016] Allocating IMA MOK and blacklist keyrings.
[   35.000018] Key type asymmetric registered
[   35.000030] Asymmetric key parser 'x509' registered
[   35.000259] Block layer SCSI generic (bsg) driver version 0.4 loaded (major 249)
[   35.000376] io scheduler noop registered
[   35.000383] io scheduler deadline registered (default)
[   35.000517] io scheduler cfq registered
[   35.000884] pci_hotplug: PCI Hot Plug PCI Core version: 0.5
[   35.000908] pciehp: PCI Express Hot Plug Controller Driver version: 0.4
[   35.001606] ACPI: AC Adapter [AC] (on-line)
[   35.001816] input: Power Button as /devices/LNXSYSTM:00/LNXPWRBN:00/input/input0
[   35.001824] ACPI: Power Button [PWRF]
[   35.002229] input: Sleep Button as /devices/LNXSYSTM:00/LNXSLPBN:00/input/input1
[   35.002238] ACPI: Sleep Button [SLPF]
[   35.006655] ACPI: Battery Slot [BAT0] (battery present)
[   35.006755] GHES: HEST is not enabled!
[   35.007213] Serial: 8250/16550 driver, 32 ports, IRQ sharing enabled
[   35.138690] 00:02: ttyS0 at I/O 0x3f8 (irq = 4, base_baud = 115200) is a 16550A
[   35.335556] Linux agpgart interface v0.103
[   35.384949] loop: module loaded
[   35.386787] scsi host0: ata_piix
[   35.387185] scsi host1: ata_piix
[   35.387292] ata1: PATA max UDMA/33 cmd 0x1f0 ctl 0x3f6 bmdma 0xd000 irq 14
[   35.387296] ata2: PATA max UDMA/33 cmd 0x170 ctl 0x376 bmdma 0xd008 irq 15
[   35.387514] libphy: Fixed MDIO Bus: probed
[   35.387519] tun: Universal TUN/TAP device driver, 1.6
[   35.387521] tun: (C) 1999-2004 Max Krasnyansky <maxk@qualcomm.com>
[   35.388579] PPP generic driver version 2.4.2
[   35.388741] ehci_hcd: USB 2.0 'Enhanced' Host Controller (EHCI) Driver
[   35.388793] ehci-pci: EHCI PCI platform driver
[   35.388820] ehci-platform: EHCI generic platform driver
[   35.388842] ohci_hcd: USB 1.1 'Open' Host Controller (OHCI) Driver
[   35.388849] ohci-pci: OHCI PCI platform driver
[   35.388872] ohci-platform: OHCI generic platform driver
[   35.388894] uhci_hcd: USB Universal Host Controller Interface driver
[   35.389040] i8042: PNP: PS/2 Controller [PNP0303:PS2K,PNP0f03:PS2M] at 0x60,0x64 irq 1,12
[   35.479761] serio: i8042 KBD port at 0x60,0x64 irq 1
[   35.479776] serio: i8042 AUX port at 0x60,0x64 irq 12
[   35.480132] mousedev: PS/2 mouse device common for all mice
[   35.481147] rtc_cmos rtc_cmos: rtc core: registered rtc_cmos as rtc0
[   35.481336] rtc_cmos rtc_cmos: alarms up to one day, 114 bytes nvram
[   35.481355] i2c /dev entries driver
[   35.481502] device-mapper: uevent: version 1.0.3
[   35.481721] device-mapper: ioctl: 4.34.0-ioctl (2015-10-28) initialised: dm-devel@redhat.com
[   35.481775] ledtrig-cpu: registered to indicate activity on CPUs
[   35.482719] NET: Registered protocol family 10
[   35.483102] NET: Registered protocol family 17
[   35.483208] Key type dns_resolver registered
[   35.483953] registered taskstats version 1
[   35.484013] Loading compiled-in X.509 certificates
[   35.486712] Loaded X.509 cert 'Build time autogenerated kernel key: fc7b57a7df019f2655f66a8a374d74ee8f4999fc'
[   35.486771] zswap: loaded using pool lzo/zbud
[   35.492689] Key type trusted registered
[   35.503730] Key type encrypted registered
[   35.503752] AppArmor: AppArmor sha1 policy hashing enabled
[   35.503764] ima: No TPM chip found, activating TPM-bypass!
[   35.503840] evm: HMAC attrs: 0x1
[   35.504666]   Magic number: 6:384:359
[   35.589603] rtc_cmos rtc_cmos: setting system clock to 2018-06-18 02:22:20 UTC (1529288540)
[   35.590057] BIOS EDD facility v0.16 2004-Jun-25, 0 devices found
[   35.590058] EDD information not available.
[   36.284593] input: AT Translated Set 2 keyboard as /devices/platform/i8042/serio0/input/input2
[   41.398508] Freeing unused kernel memory: 1512K
[   41.471664] Write protecting the kernel read-only data: 14336k
[   41.540283] Freeing unused kernel memory: 1688K
[   41.595092] Freeing unused kernel memory: 96K
Loading, please wait...
starting version[   41.732067] random: systemd-udevd: uninitialized urandom read (16 bytes read, 4 bits of entropy available)
 229
[   41.735206] random: udevadm: uninitialized urandom read (16 bytes read, 4 bits of entropy available)
[   41.735301] random: udevadm: uninitialized urandom read (16 bytes read, 4 bits of entropy available)
[   41.858816] random: udevadm: uninitialized urandom read (16 bytes read, 4 bits of entropy available)
[   41.860212] random: udevadm: uninitialized urandom read (16 bytes read, 4 bits of entropy available)
[   41.861349] random: udevadm: uninitialized urandom read (16 bytes read, 4 bits of entropy available)
[   41.861649] random: udevadm: uninitialized urandom read (16 bytes read, 4 bits of entropy available)
[   41.862072] random: udevadm: uninitialized urandom read (16 bytes read, 4 bits of entropy available)
[   41.862408] random: udevadm: uninitialized urandom read (16 bytes read, 4 bits of entropy available)
[   41.862634] random: udevadm: uninitialized urandom read (16 bytes read, 4 bits of entropy available)
[   43.161844] Fusion MPT base driver 3.04.20
[   43.188090] Copyright (c) 1999-2008 LSI Corporation
[   43.263959] e1000: Intel(R) PRO/1000 Network Driver - version 7.3.21-k8-NAPI
[   43.330134] e1000: Copyright (c) 1999-2006 Intel Corporation.
[   43.476846] Fusion MPT SPI Host driver 3.04.20
[   43.648263] input: ImExPS/2 Generic Explorer Mouse as /devices/platform/i8042/serio1/input/input4
[   43.845175] AVX version of gcm_enc/dec engaged.
[   43.903969] AES CTR mode by8 optimization enabled
[   44.365583] e1000 0000:00:03.0 eth0: (PCI:33MHz:32-bit) 02:b0:72:86:cc:22
[   44.412140] e1000 0000:00:03.0 eth0: Intel(R) PRO/1000 Network Connection
[   44.480507] e1000 0000:00:03.0 enp0s3: renamed from eth0
[   44.620233] mptbase: ioc0: Initiating bringup
[   44.793619] ioc0: LSI53C1030 A0: Capabilities={Initiator}
[   45.029706] scsi host2: ioc0: LSI53C1030 A0, FwRev=00000000h, Ports=1, MaxQ=256, IRQ=20
[   45.249245] scsi 2:0:0:0: Direct-Access     VBOX     HARDDISK         1.0  PQ: 0 ANSI: 5
[   45.370910] scsi target2:0:0: Beginning Domain Validation
[   45.462762] scsi target2:0:0: Domain Validation skipping write tests
[   45.537306] scsi target2:0:0: Ending Domain Validation
[   45.666823] scsi target2:0:0: asynchronous
[   45.729283] scsi 2:0:1:0: Direct-Access     VBOX     HARDDISK         1.0  PQ: 0 ANSI: 5
[   45.857276] scsi target2:0:1: Beginning Domain Validation
[   45.952973] scsi target2:0:1: Domain Validation skipping write tests
[   46.112623] scsi target2:0:1: Ending Domain Validation
[   46.254286] scsi target2:0:1: asynchronous
[   46.410542] sd 2:0:0:0: Attached scsi generic sg0 type 0
[   46.495605] sd 2:0:0:0: [sda] 20971520 512-byte logical blocks: (10.7 GB/10.0 GiB)
[   46.622937] sd 2:0:1:0: Attached scsi generic sg1 type 0
[   46.624394] sd 2:0:0:0: [sda] Write Protect is off
[   46.624723] sd 2:0:0:0: [sda] Incomplete mode parameter data
[   46.624728] sd 2:0:0:0: [sda] Assuming drive cache: write through
[   46.739789] sd 2:0:1:0: [sdb] 20480 512-byte logical blocks: (10.5 MB/10.0 MiB)
[   46.740367] sd 2:0:1:0: [sdb] Write Protect is off
[   46.740642] sd 2:0:1:0: [sdb] Incomplete mode parameter data
[   46.740646] sd 2:0:1:0: [sdb] Assuming drive cache: write through
[   46.743638]  sda: sda1
[   46.747024] sd 2:0:1:0: [sdb] Attached SCSI disk
[   46.747050] sd 2:0:0:0: [sda] Attached SCSI disk
Begin: Loading e[   50.080031] md: linear personality registered for level -1
ssential drivers[   50.193090] md: multipath personality registered for level -4
 ... [   50.264235] md: raid0 personality registered for level 0
[   50.334585] md: raid1 personality registered for level 1
[   50.511261] raid6: sse2x1   gen()  1983 MB/s
[   50.687083] raid6: sse2x1   xor()  1674 MB/s
[   50.866925] raid6: sse2x2   gen()  2125 MB/s
[   51.055114] raid6: sse2x2   xor()  1530 MB/s
[   51.171280] raid6: sse2x4   gen()  2125 MB/s
[   51.279376] raid6: sse2x4   xor()  1558 MB/s
[   51.335301] raid6: using algorithm sse2x2 gen() 2125 MB/s
[   51.421014] raid6: .... xor() 1530 MB/s, rmw enabled
[   51.555530] raid6: using ssse3x2 recovery algorithm
[   51.641656] xor: automatically using best checksumming function:
[   51.795237]    avx       :  4006.000 MB/sec
[   51.869612] async_tx: api initialized (async)
[   51.967043] md: raid6 personality registered for level 6
[   52.033046] md: raid5 personality registered for level 5
[   52.130405] md: raid4 personality registered for level 4
[   52.230362] md: raid10 personality registered for level 10
done.
Begin: Running /scripts/init-premount ... done.
Begin: Mounting root file system ... Begin: Running /scripts/local-top ... done.
Begin: Running /scripts/loc[   52.467029] Btrfs loaded
al-premount ... Scanning for Btrfs filesystems
done.
Warning: fsck no[   52.652351] EXT4-fs (sda1): INFO: recovery required on readonly filesystem
t present, so sk[   52.753623] EXT4-fs (sda1): write access will be enabled during recovery
ipping root file system
[   53.119337] EXT4-fs (sda1): orphan cleanup on readonly fs
[   53.206646] EXT4-fs (sda1): 1 orphan inode deleted
[   53.319622] EXT4-fs (sda1): recovery complete
[   53.388503] EXT4-fs (sda1): mounted filesystem with ordered data mode. Opts: (null)
done.
Begin: Running /scripts/local-bottom ... done.
Begin: Running /scripts/init-bottom ... done.
[   53.863703] systemd[1]: systemd 229 running in system mode. (+PAM +AUDIT +SELINUX +IMA +APPARMOR +SMACK +SYSVINIT +UTMP +LIBCRYPTSETUP +GCRYPT +GNUTLS +ACL +XZ -LZ4 +SECCOMP +BLKID +ELFUTILS +KMOD -IDN)
[   54.060002] systemd[1]: Detected virtualization oracle.
[   54.097060] systemd[1]: Detected architecture x86-64.

Welcome to [1mUbuntu 16.04.4 LTS[0m!

[   54.191149] systemd[1]: Set hostname to <ubuntu-xenial>.
[   54.315810] random: nonblocking pool is initialized
[   54.941983] systemd[1]: Listening on /dev/initctl Compatibility Named Pipe.
[[0;32m  OK  [0m] Listening on /dev/initctl Compatibility Named Pipe.
[   55.143569] systemd[1]: Reached target Swap.
[[0;32m  OK  [0m] Reached target Swap.
[   55.264750] systemd[1]: Listening on LVM2 metadata daemon socket.
[[0;32m  OK  [0m] Listening on LVM2 metadata daemon socket.
[   55.364911] systemd[1]: Started Trigger resolvconf update for networkd DNS.
[[0;32m  OK  [0m] Started Trigger resolvconf update for networkd DNS.
[   55.540414] systemd[1]: Listening on Journal Audit Socket.
[[0;32m  OK  [0m] Listening on Journal Audit Socket.
[   55.705846] systemd[1]: Created slice System Slice.
[[0;32m  OK  [0m] Created slice System Slice.
[   55.870675] systemd[1]: Listening on Device-mapper event daemon FIFOs.
[[0;32m  OK  [0m] Listening on Device-mapper event daemon FIFOs.
[   56.099637] systemd[1]: Listening on udev Kernel Socket.
[[0;32m  OK  [0m] Listening on udev Kernel Socket.
[   56.260870] systemd[1]: Created slice system-serial\x2dgetty.slice.
[[0;32m  OK  [0m] Created slice system-serial\x2dgetty.slice.
[   56.425014] systemd[1]: Created slice User and Session Slice.
[[0;32m  OK  [0m] Created slice User and Session Slice.
[   56.579789] systemd[1]: Reached target Encrypted Volumes.
[[0;32m  OK  [0m] Reached target Encrypted Volumes.
[   56.715588] systemd[1]: Listening on LVM2 poll daemon socket.
[[0;32m  OK  [0m] Listening on LVM2 poll daemon socket.
[   56.889024] systemd[1]: Listening on udev Control Socket.
[[0;32m  OK  [0m] Listening on udev Control Socket.
[   57.040020] systemd[1]: Listening on Syslog Socket.
[[0;32m  OK  [0m] Listening on Syslog Socket.
[   57.178135] systemd[1]: Set up automount Arbitrary Executable File Formats File System Automount Point.
[[0;32m  OK  [0m] Set up automount Arbitrary Executab...ats File System Automount Point.
[   57.472672] systemd[1]: Started Forward Password Requests to Wall Directory Watch.
[[0;32m  OK  [0m] Started Forward Password Requests to Wall Directory Watch.
[   57.663757] systemd[1]: Listening on Journal Socket.
[[0;32m  OK  [0m] Listening on Journal Socket.
[   57.907406] systemd[1]: Mounting Huge Pages File System...
         Mounting Huge Pages File System...
[   58.112043] systemd[1]: Starting Monitoring of LVM2 mirrors, snapshots etc. using dmeventd or progress polling...
         Starting Monitoring of LVM2 mirrors... dmeventd or progress polling...
[   58.319669] systemd[1]: Starting Uncomplicated firewall...
         Starting Uncomplicated firewall...
[   58.475869] systemd[1]: Starting Nameserver information manager...
         Starting Nameserver information manager...
[   58.679712] systemd[1]: Mounting POSIX Message Queue File System...
         Mounting POSIX Message Queue File System...
[   58.863316] systemd[1]: Mounting Debug File System...
         Mounting Debug File System...
[   59.015787] systemd[1]: Starting Set console keymap...
         Starting Set console keymap...
[   59.179800] systemd[1]: Starting Load Kernel Modules...
         Starting Load Kernel Modules...[   59.314775] Loading iSCSI transport class v2.0-870.

[   59.403956] systemd[1]: Reached target Slices.
[[0;32m  OK  [0m] Reached target Slices.
[   59.498472] iscsi: registered transport (tcp)
[   59.543839] systemd[1]: Reached target User and Group Name Lookups.
[[0;32m  OK  [0m] Reached target User and Group Name Lookups.
[   59.693484] systemd[1]: Reached target System Time Synchronized.
[   59.769872] iscsi: registered transport (iser)
[[0;32m  OK  [0m] Reached target System Time Synchronized.
[   59.884379] systemd[1]: Listening on Journal Socket (/dev/log).
[[0;32m  OK  [0m] Listening on Journal Socket (/dev/log).
[   60.043943] systemd[1]: Starting Journal Service...
         Starting Journal Service...
[   60.282138] systemd[1]: Starting Remount Root and Kernel File Systems...
         [   60.425249] EXT4-fs (sda1): re-mounted. Opts: (null)
Starting Remount Root and Kernel File Systems...
[   60.568198] systemd[1]: Starting Create list of required static device nodes for the current kernel...
         Starting Create list of required st... nodes for the current kernel...
[   60.879196] systemd[1]: Mounted Debug File System.
[[0;32m  OK  [0m] Mounted Debug File System.
[   61.003863] systemd[1]: Mounted POSIX Message Queue File System.
[[0;32m  OK  [0m] Mounted POSIX Message Queue File System.
[   61.243931] systemd[1]: Mounted Huge Pages File System.
[[0;32m  OK  [0m] Mounted Huge Pages File System.
[   61.473256] systemd[1]: Started Journal Service.
[[0;32m  OK  [0m] Started Journal Service.
[[0;32m  OK  [0m] Started Uncomplicated firewall.
[[0;32m  OK  [0m] Started Set console keymap.
[[0;32m  OK  [0m] Started Load Kernel Modules.
[[0;32m  OK  [0m] Started Remount Root and Kernel File Systems.
[[0;32m  OK  [0m] Started Create list of required sta...ce nodes for the current kernel.
[[0;32m  OK  [0m] Started Nameserver information manager.
[[0;32m  OK  [0m] Started LVM2 metadata daemon.
         Starting Create Static Device Nodes in /dev...
         Starting udev Coldplug all Devices...
         Starting Load/Save Random Seed...
         Starting Apply Kernel Variables...
         Mounting FUSE Control File System...
         Starting Flush Journal to Persistent Storage...
[[0;32m  OK  [0m] Mounted FUSE Control File System.
[[0;32m  OK  [0m] Started Monitoring of LVM2 mirrors,...ng dmeventd or progress polling.
[[0;32m  OK  [0m] Started Create Static Device Nodes in /dev.
[[0;32m  OK  [0m] Started Load/Save Random Seed.
[[0;32m  OK  [0m] Started Apply Kernel Variables.
[[0;32m  OK  [0m] Started udev Coldplug all Devices.
[[0;32m  OK  [0m] Started Flush Journal to Persistent Storage.
         Starting udev Kernel Device Manager...
[[0;32m  OK  [0m] Started udev Kernel Device Manager.
[[0;32m  OK  [0m] Started Dispatch Password Requests to Console Directory Watch.
[[0;32m  OK  [0m] Reached target Local File Systems (Pre).
[[0;32m  OK  [0m] Reached target Local File Systems.
         Starting LSB: AppArmor initialization...
         Starting Initial cloud-init job (pre-networking)...
         Starting Tell Plymouth To Write Out Runtime Data...
         Starting Set console font and keymap...
         Starting Create Volatile Files and Directories...
[[0;32m  OK  [0m] Started Tell Plymouth To Write Out Runtime Data.
[[0;32m  OK  [0m] Started Create Volatile Files and Directories.
[[0;32m  OK  [0m] Found device /dev/ttyS0.
         Starting Update UTMP about System Boot/Shutdown...
[[0;32m  OK  [0m] Started Update UTMP about System Boot/Shutdown.
[[0;32m  OK  [0m] Started LSB: AppArmor initialization.
[[0;32m  OK  [0m] Found device 82540EM Gigabit Ethern...r (PRO/1000 MT Desktop Adapter).
[[0;32m  OK  [0m] Listening on Load/Save RF Kill Switch Status /dev/rfkill Watch.
[   50.721710] cloud-init[487]: Cloud-init v. 18.2 running 'init-local' at Mon, 18 Jun 2018 02:22:54 +0000. Up 48.89 seconds.
[[0;32m  OK  [0m] Started Set console font and keymap.
[[0;32m  OK  [0m] Started Initial cloud-init job (pre-networking).
[[0;32m  OK  [0m] Reached target Network (Pre).
[[0;32m  OK  [0m] Started ifup for enp0s3.
         Starting Raise network interfaces...
[[0;32m  OK  [0m] Created slice system-getty.slice.
[[0;32m  OK  [0m] Started Raise network interfaces.
[[0;32m  OK  [0m] Reached target Network.
         Starting Initial cloud-init job (metadata service crawler)...
[   54.734545] cloud-init[997]: Cloud-init v. 18.2 running 'init' at Mon, 18 Jun 2018 02:22:59 +0000. Up 54.08 seconds.
[   54.942490] cloud-init[997]: ci-info: +++++++++++++++++++++++++++++++++++++Net device info++++++++++++++++++++++++++++++++++++++
[[0;32m  OK  [0m[   55.173791] cloud-init[997]: ci-info: +--------+------+----------------------------+---------------+-------+-------------------+
[   55.174525] cloud-init[997]: ci-info: | Device |  Up  |          Address           |      Mask     | Scope |     Hw-Address    |
[   55.175340] cloud-init[997]: ci-info: +--------+------+----------------------------+---------------+-------+-------------------+
[   55.176058] cloud-init[997]: ci-info: | enp0s3 | True |         10.0.2.15          | 255.255.255.0 |   .   | 02:b0:72:86:cc:22 |
] Started Initial cloud-init job (metadata service crawler).
[   55.177002] cloud-init[997]: ci-info: | enp0s3 | True | fe80::b0:72ff:fe86:cc22/64 |       .       |  link | 02:b0:72:86:cc:22 |
[   56.025056] [[0;32m  OK  [0m] Reached target Cloud-config availability.
[[0;32m  OK  [0m] Reached target System Initialization.
cloud-init[997]: ci-info: |   lo   | True |         127.0.0.1          |   255.0.0.0   |   .   |         .         |
[[0;32m  OK  [0m] Started Daily apt download activities.
[[0;32m  OK  [0m] Listening on ACPID Listen Socket.
[[0;32m  OK  [0m] Started Daily apt upgrade and clean activities.
[   56.348902] cloud-init[997]: ci-info: |   lo   | True |          ::1/128           |       .       |  host |         .         |
[   56.772858] cloud-init[997]: ci-info: +--------+------+----------------------------+---------------+-------+-------------------+
         Starting LXD - unix socket.
[[0;32m  OK  [0m] Listening on D-Bus System Message Bus Socket.
[[0;32m  OK  [0m] Listening on UUID daemon activation socket.
         Starting Socket activation for snappy daemon.
[   56.936536] cloud-init[997]: ci-info: +++++++++++++++++++++++++++Route IPv4 info++++++++++++++++++++++++++++
[   57.353049] cloud-init[997]: ci-info: +-------+-------------+----------+---------------+-----------+-------+
[   57.497620] cloud-init[997]: ci-info: | Route | Destination | Gateway  |    Genmask    | Interface | Flags |
[   57.644959] cloud-init[997]: ci-info: +-------+-------------+----------+---------------+-----------+-------+
[   57.646116] cloud-init[997]: ci-info: |   0   |   0.0.0.0   | 10.0.2.2 |    0.0.0.0    |   enp0s3  |   UG  |
[   57.646368] cloud-init[997]: ci-info: |   1   |   10.0.2.0  | 0.0.0.0  | 255.255.255.0 |   enp0s3  |   U   |
[   57.646577] cloud-init[997]: ci-info: +-------+-------------+----------+---------------+-----------+-------+
[[0;32m  OK  [0m] Started ACPI Events Check.
[[0;32m  OK  [0m] Reached target Paths.
[[0;32m  OK  [0m] Started Daily Cleanup of Temporary Directories.
[[0;32m  OK  [0m] Reached target Timers.
[[0;32m  OK  [0m] Reached target Network is Online.
         Starting iSCSI initiator daemon (iscsid)...
[[0;32m  OK  [0m] Listening on LXD - unix socket.
[[0;32m  OK  [0m] Listening on Socket activation for snappy daemon.
[[0;32m  OK  [0m] Started iSCSI initiator daemon (iscsid).
         Starting Login to default iSCSI targets...
[[0;32m  OK  [0m] Reached target Sockets.
[[0;32m  OK  [0m] Reached target Basic System.
[[0;32m  OK  [0m] Started Unattended Upgrades Shutdown.
         Starting /etc/rc.local Compatibility...
         Starting Apply the settings specified in cloud-config...
         Starting LSB: MD monitoring daemon...
         Starting Virtualbox guest utils...
[[0;32m  OK  [0m] Started Deferred execution scheduler.
[[0;32m  OK  [0m] Started Regular background program processing daemon.
         Starting Accounts Service...
[[0;32m  OK  [0m] Started FUSE filesystem for LXC.
         Starting LXD - container startup/shutdown...
         Starting Login Service...
         Starting Snappy daemon...
         Starting System Logging Service...
[[0;32m  OK  [0m] Started D-Bus System Message Bus.
         Starting LSB: Record successful boot for GRUB...
         Starting OpenBSD Secure Shell server...
[[0;32m  OK  [0m] Started ACPI event daemon.
[[0;32m  OK  [0m] Started System Logging Service.
[[0;32m  OK  [0m] Started Snappy daemon.
[[0;32m  OK  [0m] Started OpenBSD Secure Shell server.
[[0;32m  OK  [0m] Started /etc/rc.local Compatibility.
[[0;32m  OK  [0m] Started LXD - container startup/shutdown.
[[0;32m  OK  [0m] Started Login to default iSCSI targets.
[[0;32m  OK  [0m] Started LSB: MD monitoring daemon.
[[0;32m  OK  [0m] Started Virtualbox guest utils.
[[0;32m  OK  [0m] Started LSB: Record successful boot for GRUB.
[   61.383064] cloud-init[1062]: Cloud-init v. 18.2 running 'modules:config' at Mon, 18 Jun 2018 02:23:06 +0000. Up 61.10 seconds.
[[0;32m  OK  [0m] Started Login Service.
[[0;32m  OK  [0m] Started Apply the settings specified in cloud-config.
         Starting Authenticate and Authorize Users to Run Privileged Tasks...
[[0;32m  OK  [0m] Reached target Remote File Systems (Pre).
[[0;32m  OK  [0m] Reached target Remote File Systems.
         Starting LSB: daemon to balance interrupts for SMP systems...
         Starting Permit User Sessions...
         Starting LSB: automatic crash report generation...
         Starting LSB: Set the CPU Frequency Scaling governor to "ondemand"...
         Starting Wait until snapd is fully seeded...
[[0;32m  OK  [0m] Started Permit User Sessions.
[[0;32m  OK  [0m] Started Wait until snapd is fully seeded.
[[0;32m  OK  [0m] Started Authenticate and Authorize Users to Run Privileged Tasks.
[[0;32m  OK  [0m] Started Accounts Service.
[[0;32m  OK  [0m] Started LSB: daemon to balance interrupts for SMP systems.
[[0;32m  OK  [0m] Created slice User Slice of vagrant.
[[0;32m  OK  [0m] Started Session 1 of user vagrant.
         Starting User Manager for UID 1000...
         Starting Hold until boot process finishes up...
         Starting Terminate Plymouth Boot Screen...
[[0;32m  OK  [0m] Started User Manager for UID 1000.
[[0;32m  OK  [0m] Started LSB: automatic crash report generation.
[[0;32m  OK  [0m] Started LSB: Set the CPU Frequency Scaling governor to "ondemand".
[[0;32m  OK  [0m] Started Hold until boot process finishes up.
[[0;32m  OK  [0m] Started Terminate Plymouth Boot Screen.
[[0;32m  OK  [0m] Started Getty on tty1.
[[0;32m  OK  [0m] Started Serial Getty on ttyS0.
[[0;32m  OK  [0m] Reached target Login Prompts.
         Starting Set console scheme...
[[0;32m  OK  [0m] Reached target Multi-User System.
         Starting Execute cloud user/final scripts...
[[0;32m  OK  [0m] Reached target Graphical Interface.
         Starting Update UTMP about System Runlevel Changes...
[[0;32m  OK  [0m] Started Set console scheme.
[[0;32m  OK  [0m] Started Update UTMP about System Runlevel Changes.
[   66.497653] cloud-init[1261]: Cloud-init v. 18.2 running 'modules:final' at Mon, 18 Jun 2018 02:23:11 +0000. Up 65.95 seconds.
[   66.670285] cloud-init[1261]: Cloud-init v. 18.2 finished at Mon, 18 Jun 2018 02:23:11 +0000. Datasource DataSourceNoCloud [seed=/dev/sdb][dsmode=net].  Up 66.48 seconds
[[0;32m  OK  [0m] Started Execute cloud user/final scripts.
         Starting Daily apt download activities...
[[0;32m  OK  [0m] Reached target Cloud-init target.

Ubuntu 16.04.4 LTS ubuntu-xenial ttyS0

ubuntu-xenial login: 